<?xml version="1.0" encoding="UTF-8"?>
<robot generator="Robot 5.0 (Python 3.10.2 on win32)" generated="20220410 17:46:18.839" rpa="false" schemaversion="3">
<suite id="s1" name="Book" source="C:\Users\ELCOT\PycharmProjects\Robot Book Management\Tests\Book\FunctionalTestSuite\Book.robot">
<test id="s1-t1" name="User Registration test" line="12">
<kw name="Open Browser" library="SeleniumLibrary">
<arg>http://127.0.0.1:5000</arg>
<arg>chrome</arg>
<doc>Opens a new browser instance to the optional ``url``.</doc>
<msg timestamp="20220410 17:46:22.216" level="INFO">Opening browser 'chrome' to base url 'http://127.0.0.1:5000'.</msg>
<status status="PASS" starttime="20220410 17:46:22.215" endtime="20220410 17:46:46.480"/>
</kw>
<kw name="Maximize Browser Window" library="SeleniumLibrary">
<doc>Maximizes current browser window.</doc>
<status status="PASS" starttime="20220410 17:46:46.481" endtime="20220410 17:46:47.014"/>
</kw>
<kw name="Sleep" library="BuiltIn">
<arg>1s</arg>
<doc>Pauses the test executed for the given time.</doc>
<msg timestamp="20220410 17:46:48.026" level="INFO">Slept 1 second</msg>
<status status="PASS" starttime="20220410 17:46:47.015" endtime="20220410 17:46:48.027"/>
</kw>
<kw name="Click Link" library="SeleniumLibrary">
<arg>xpath:/html/body/center/a</arg>
<doc>Clicks a link identified by ``locator``.</doc>
<msg timestamp="20220410 17:46:48.031" level="INFO">Clicking link 'xpath:/html/body/center/a'.</msg>
<status status="PASS" starttime="20220410 17:46:48.030" endtime="20220410 17:46:49.535"/>
</kw>
<kw name="Sleep" library="BuiltIn">
<arg>2s</arg>
<doc>Pauses the test executed for the given time.</doc>
<msg timestamp="20220410 17:46:51.577" level="INFO">Slept 2 seconds</msg>
<status status="PASS" starttime="20220410 17:46:49.561" endtime="20220410 17:46:51.577"/>
</kw>
<kw name="Input Text" library="SeleniumLibrary">
<arg>name:name</arg>
<arg>sameer</arg>
<doc>Types the given ``text`` into the text field identified by ``locator``.</doc>
<msg timestamp="20220410 17:46:51.579" level="INFO">Typing text 'sameer' into text field 'name:name'.</msg>
<status status="PASS" starttime="20220410 17:46:51.579" endtime="20220410 17:46:52.630"/>
</kw>
<kw name="Sleep" library="BuiltIn">
<arg>1s</arg>
<doc>Pauses the test executed for the given time.</doc>
<msg timestamp="20220410 17:46:53.647" level="INFO">Slept 1 second</msg>
<status status="PASS" starttime="20220410 17:46:52.632" endtime="20220410 17:46:53.647"/>
</kw>
<kw name="Input Text" library="SeleniumLibrary">
<arg>name:add</arg>
<arg>karur</arg>
<doc>Types the given ``text`` into the text field identified by ``locator``.</doc>
<msg timestamp="20220410 17:46:53.652" level="INFO">Typing text 'karur' into text field 'name:add'.</msg>
<status status="PASS" starttime="20220410 17:46:53.651" endtime="20220410 17:46:54.406"/>
</kw>
<kw name="Sleep" library="BuiltIn">
<arg>1s</arg>
<doc>Pauses the test executed for the given time.</doc>
<msg timestamp="20220410 17:46:55.410" level="INFO">Slept 1 second</msg>
<status status="PASS" starttime="20220410 17:46:54.407" endtime="20220410 17:46:55.410"/>
</kw>
<kw name="Input Text" library="SeleniumLibrary">
<arg>name:email</arg>
<arg>${email}</arg>
<doc>Types the given ``text`` into the text field identified by ``locator``.</doc>
<msg timestamp="20220410 17:46:55.411" level="INFO">Typing text 'sameer@gmail.com' into text field 'name:email'.</msg>
<status status="PASS" starttime="20220410 17:46:55.411" endtime="20220410 17:46:56.045"/>
</kw>
<kw name="Sleep" library="BuiltIn">
<arg>1s</arg>
<doc>Pauses the test executed for the given time.</doc>
<msg timestamp="20220410 17:46:57.059" level="INFO">Slept 1 second</msg>
<status status="PASS" starttime="20220410 17:46:56.050" endtime="20220410 17:46:57.060"/>
</kw>
<kw name="Input Text" library="SeleniumLibrary">
<arg>name:pno</arg>
<arg>123456789</arg>
<doc>Types the given ``text`` into the text field identified by ``locator``.</doc>
<msg timestamp="20220410 17:46:57.064" level="INFO">Typing text '123456789' into text field 'name:pno'.</msg>
<status status="PASS" starttime="20220410 17:46:57.063" endtime="20220410 17:46:58.146"/>
</kw>
<kw name="Sleep" library="BuiltIn">
<arg>1s</arg>
<doc>Pauses the test executed for the given time.</doc>
<msg timestamp="20220410 17:46:59.172" level="INFO">Slept 1 second</msg>
<status status="PASS" starttime="20220410 17:46:58.166" endtime="20220410 17:46:59.173"/>
</kw>
<kw name="Input Text" library="SeleniumLibrary">
<arg>name:pass</arg>
<arg>${password}</arg>
<doc>Types the given ``text`` into the text field identified by ``locator``.</doc>
<msg timestamp="20220410 17:46:59.207" level="INFO">Typing text '9875' into text field 'name:pass'.</msg>
<status status="PASS" starttime="20220410 17:46:59.205" endtime="20220410 17:47:00.125"/>
</kw>
<kw name="Sleep" library="BuiltIn">
<arg>1s</arg>
<doc>Pauses the test executed for the given time.</doc>
<msg timestamp="20220410 17:47:01.135" level="INFO">Slept 1 second</msg>
<status status="PASS" starttime="20220410 17:47:00.128" endtime="20220410 17:47:01.135"/>
</kw>
<kw name="Click Button" library="SeleniumLibrary">
<arg>xpath:/html/body/div/div/div[2]/form/center/button</arg>
<doc>Clicks the button identified by ``locator``.</doc>
<msg timestamp="20220410 17:47:01.138" level="INFO">Clicking button 'xpath:/html/body/div/div/div[2]/form/center/button'.</msg>
<status status="PASS" starttime="20220410 17:47:01.137" endtime="20220410 17:47:03.372"/>
</kw>
<kw name="Sleep" library="BuiltIn">
<arg>3s</arg>
<doc>Pauses the test executed for the given time.</doc>
<msg timestamp="20220410 17:47:06.409" level="INFO">Slept 3 seconds</msg>
<status status="PASS" starttime="20220410 17:47:03.407" endtime="20220410 17:47:06.410"/>
</kw>
<doc>Registration page</doc>
<tag>user</tag>
<status status="PASS" starttime="20220410 17:46:22.211" endtime="20220410 17:47:06.414"/>
</test>
<test id="s1-t2" name="User Login test" line="33">
<kw name="Input Text" library="SeleniumLibrary">
<arg>name:email</arg>
<arg>${email}</arg>
<doc>Types the given ``text`` into the text field identified by ``locator``.</doc>
<msg timestamp="20220410 17:47:06.422" level="INFO">Typing text 'sameer@gmail.com' into text field 'name:email'.</msg>
<status status="PASS" starttime="20220410 17:47:06.421" endtime="20220410 17:47:07.549"/>
</kw>
<kw name="Sleep" library="BuiltIn">
<arg>1s</arg>
<doc>Pauses the test executed for the given time.</doc>
<msg timestamp="20220410 17:47:08.556" level="INFO">Slept 1 second</msg>
<status status="PASS" starttime="20220410 17:47:07.554" endtime="20220410 17:47:08.556"/>
</kw>
<kw name="Input Text" library="SeleniumLibrary">
<arg>name:pass</arg>
<arg>${password}</arg>
<doc>Types the given ``text`` into the text field identified by ``locator``.</doc>
<msg timestamp="20220410 17:47:08.558" level="INFO">Typing text '9875' into text field 'name:pass'.</msg>
<status status="PASS" starttime="20220410 17:47:08.557" endtime="20220410 17:47:08.999"/>
</kw>
<kw name="Sleep" library="BuiltIn">
<arg>1s</arg>
<doc>Pauses the test executed for the given time.</doc>
<msg timestamp="20220410 17:47:10.021" level="INFO">Slept 1 second</msg>
<status status="PASS" starttime="20220410 17:47:09.002" endtime="20220410 17:47:10.021"/>
</kw>
<kw name="Click Button" library="SeleniumLibrary">
<arg>xpath:/html/body/div/div/div[2]/form/center/button</arg>
<doc>Clicks the button identified by ``locator``.</doc>
<msg timestamp="20220410 17:47:10.060" level="INFO">Clicking button 'xpath:/html/body/div/div/div[2]/form/center/button'.</msg>
<status status="PASS" starttime="20220410 17:47:10.060" endtime="20220410 17:47:11.528"/>
</kw>
<kw name="Sleep" library="BuiltIn">
<arg>3s</arg>
<doc>Pauses the test executed for the given time.</doc>
<msg timestamp="20220410 17:47:14.570" level="INFO">Slept 3 seconds</msg>
<status status="PASS" starttime="20220410 17:47:11.532" endtime="20220410 17:47:14.570"/>
</kw>
<doc>Login page</doc>
<tag>user</tag>
<status status="PASS" starttime="20220410 17:47:06.419" endtime="20220410 17:47:14.744"/>
</test>
<test id="s1-t3" name="Admin login test" line="43">
<kw name="Input Text" library="SeleniumLibrary">
<arg>name:uname</arg>
<arg>${username}</arg>
<doc>Types the given ``text`` into the text field identified by ``locator``.</doc>
<msg timestamp="20220410 17:47:14.762" level="INFO">Typing text 'admin' into text field 'name:uname'.</msg>
<status status="PASS" starttime="20220410 17:47:14.761" endtime="20220410 17:47:17.034"/>
</kw>
<kw name="Sleep" library="BuiltIn">
<arg>1s</arg>
<doc>Pauses the test executed for the given time.</doc>
<msg timestamp="20220410 17:47:18.072" level="INFO">Slept 1 second</msg>
<status status="PASS" starttime="20220410 17:47:17.054" endtime="20220410 17:47:18.072"/>
</kw>
<kw name="Input Password" library="SeleniumLibrary">
<arg>name:pass</arg>
<arg>${password}</arg>
<doc>Types the given password into the text field identified by ``locator``.</doc>
<msg timestamp="20220410 17:47:18.077" level="INFO">Typing password into text field 'name:pass'.</msg>
<msg timestamp="20220410 17:47:18.223" level="INFO">Temporally setting log level to: NONE</msg>
<msg timestamp="20220410 17:47:18.457" level="INFO">Log level changed from NONE to INFO.</msg>
<status status="PASS" starttime="20220410 17:47:18.075" endtime="20220410 17:47:18.458"/>
</kw>
<kw name="Sleep" library="BuiltIn">
<arg>1s</arg>
<doc>Pauses the test executed for the given time.</doc>
<msg timestamp="20220410 17:47:19.492" level="INFO">Slept 1 second</msg>
<status status="PASS" starttime="20220410 17:47:18.480" endtime="20220410 17:47:19.492"/>
</kw>
<kw name="Click Button" library="SeleniumLibrary">
<arg>xpath:/html/body/div/div/div[2]/form/center/button</arg>
<doc>Clicks the button identified by ``locator``.</doc>
<msg timestamp="20220410 17:47:19.498" level="INFO">Clicking button 'xpath:/html/body/div/div/div[2]/form/center/button'.</msg>
<status status="PASS" starttime="20220410 17:47:19.497" endtime="20220410 17:47:20.911"/>
</kw>
<kw name="Sleep" library="BuiltIn">
<arg>3s</arg>
<doc>Pauses the test executed for the given time.</doc>
<msg timestamp="20220410 17:47:23.941" level="INFO">Slept 3 seconds</msg>
<status status="PASS" starttime="20220410 17:47:20.937" endtime="20220410 17:47:23.941"/>
</kw>
<doc>Login page</doc>
<tag>admin</tag>
<status status="PASS" starttime="20220410 17:47:14.759" endtime="20220410 17:47:23.943"/>
</test>
<test id="s1-t4" name="AddBook Admin test" line="53">
<kw name="Input Text" library="SeleniumLibrary">
<arg>name:name</arg>
<arg>sarkar</arg>
<doc>Types the given ``text`` into the text field identified by ``locator``.</doc>
<msg timestamp="20220410 17:47:23.948" level="INFO">Typing text 'sarkar' into text field 'name:name'.</msg>
<status status="PASS" starttime="20220410 17:47:23.947" endtime="20220410 17:47:24.325"/>
</kw>
<kw name="Sleep" library="BuiltIn">
<arg>1s</arg>
<doc>Pauses the test executed for the given time.</doc>
<msg timestamp="20220410 17:47:25.358" level="INFO">Slept 1 second</msg>
<status status="PASS" starttime="20220410 17:47:24.354" endtime="20220410 17:47:25.358"/>
</kw>
<kw name="Input Text" library="SeleniumLibrary">
<arg>name:auth</arg>
<arg>murugados</arg>
<doc>Types the given ``text`` into the text field identified by ``locator``.</doc>
<msg timestamp="20220410 17:47:25.362" level="INFO">Typing text 'murugados' into text field 'name:auth'.</msg>
<status status="PASS" starttime="20220410 17:47:25.361" endtime="20220410 17:47:26.151"/>
</kw>
<kw name="Sleep" library="BuiltIn">
<arg>1s</arg>
<doc>Pauses the test executed for the given time.</doc>
<msg timestamp="20220410 17:47:27.171" level="INFO">Slept 1 second</msg>
<status status="PASS" starttime="20220410 17:47:26.162" endtime="20220410 17:47:27.172"/>
</kw>
<kw name="Input Text" library="SeleniumLibrary">
<arg>name:cat</arg>
<arg>thrileer</arg>
<doc>Types the given ``text`` into the text field identified by ``locator``.</doc>
<msg timestamp="20220410 17:47:27.174" level="INFO">Typing text 'thrileer' into text field 'name:cat'.</msg>
<status status="PASS" starttime="20220410 17:47:27.173" endtime="20220410 17:47:27.557"/>
</kw>
<kw name="Sleep" library="BuiltIn">
<arg>1s</arg>
<doc>Pauses the test executed for the given time.</doc>
<msg timestamp="20220410 17:47:28.572" level="INFO">Slept 1 second</msg>
<status status="PASS" starttime="20220410 17:47:27.566" endtime="20220410 17:47:28.572"/>
</kw>
<kw name="Input Text" library="SeleniumLibrary">
<arg>name:price</arg>
<arg>2000</arg>
<doc>Types the given ``text`` into the text field identified by ``locator``.</doc>
<msg timestamp="20220410 17:47:28.574" level="INFO">Typing text '2000' into text field 'name:price'.</msg>
<status status="PASS" starttime="20220410 17:47:28.573" endtime="20220410 17:47:29.202"/>
</kw>
<kw name="Sleep" library="BuiltIn">
<arg>1s</arg>
<doc>Pauses the test executed for the given time.</doc>
<msg timestamp="20220410 17:47:30.258" level="INFO">Slept 1 second</msg>
<status status="PASS" starttime="20220410 17:47:29.250" endtime="20220410 17:47:30.259"/>
</kw>
<kw name="Input Text" library="SeleniumLibrary">
<arg>name:pub</arg>
<arg>Sun</arg>
<doc>Types the given ``text`` into the text field identified by ``locator``.</doc>
<msg timestamp="20220410 17:47:30.262" level="INFO">Typing text 'Sun' into text field 'name:pub'.</msg>
<status status="PASS" starttime="20220410 17:47:30.261" endtime="20220410 17:47:30.581"/>
</kw>
<kw name="Sleep" library="BuiltIn">
<arg>1s</arg>
<doc>Pauses the test executed for the given time.</doc>
<msg timestamp="20220410 17:47:31.621" level="INFO">Slept 1 second</msg>
<status status="PASS" starttime="20220410 17:47:30.608" endtime="20220410 17:47:31.621"/>
</kw>
<kw name="Click Button" library="SeleniumLibrary">
<arg>xpath:/html/body/div[2]/div/div[2]/form/center/button</arg>
<doc>Clicks the button identified by ``locator``.</doc>
<msg timestamp="20220410 17:47:31.631" level="INFO">Clicking button 'xpath:/html/body/div[2]/div/div[2]/form/center/button'.</msg>
<status status="PASS" starttime="20220410 17:47:31.630" endtime="20220410 17:47:32.394"/>
</kw>
<kw name="Sleep" library="BuiltIn">
<arg>2s</arg>
<doc>Pauses the test executed for the given time.</doc>
<msg timestamp="20220410 17:47:34.412" level="INFO">Slept 2 seconds</msg>
<status status="PASS" starttime="20220410 17:47:32.402" endtime="20220410 17:47:34.413"/>
</kw>
<kw name="Click Button" library="SeleniumLibrary">
<arg>xpath:/html/body/div[2]/div/div[2]/form/div/div/div/div/button[3]</arg>
<doc>Clicks the button identified by ``locator``.</doc>
<msg timestamp="20220410 17:47:34.419" level="INFO">Clicking button 'xpath:/html/body/div[2]/div/div[2]/form/div/div/div/div/button[3]'.</msg>
<status status="PASS" starttime="20220410 17:47:34.418" endtime="20220410 17:47:35.948"/>
</kw>
<kw name="Sleep" library="BuiltIn">
<arg>4s</arg>
<doc>Pauses the test executed for the given time.</doc>
<msg timestamp="20220410 17:47:39.978" level="INFO">Slept 4 seconds</msg>
<status status="PASS" starttime="20220410 17:47:35.965" endtime="20220410 17:47:39.978"/>
</kw>
<doc>Addbook page</doc>
<tag>admin</tag>
<status status="PASS" starttime="20220410 17:47:23.946" endtime="20220410 17:47:39.980"/>
</test>
<test id="s1-t5" name="Search Book test" line="71">
<kw name="Sleep" library="BuiltIn">
<arg>2s</arg>
<doc>Pauses the test executed for the given time.</doc>
<msg timestamp="20220410 17:47:41.995" level="INFO">Slept 2 seconds</msg>
<status status="PASS" starttime="20220410 17:47:39.993" endtime="20220410 17:47:41.996"/>
</kw>
<kw name="Click Link" library="SeleniumLibrary">
<arg>xpath://html/body/div[1]/div/div/div/nav/div/div/ul/li[4]/a</arg>
<doc>Clicks a link identified by ``locator``.</doc>
<msg timestamp="20220410 17:47:42.002" level="INFO">Clicking link 'xpath://html/body/div[1]/div/div/div/nav/div/div/ul/li[4]/a'.</msg>
<status status="PASS" starttime="20220410 17:47:42.001" endtime="20220410 17:47:43.239"/>
</kw>
<kw name="Sleep" library="BuiltIn">
<arg>1s</arg>
<doc>Pauses the test executed for the given time.</doc>
<msg timestamp="20220410 17:47:44.253" level="INFO">Slept 1 second</msg>
<status status="PASS" starttime="20220410 17:47:43.249" endtime="20220410 17:47:44.253"/>
</kw>
<kw name="Input Text" library="SeleniumLibrary">
<arg>name:name</arg>
<arg>sarkar</arg>
<doc>Types the given ``text`` into the text field identified by ``locator``.</doc>
<msg timestamp="20220410 17:47:44.515" level="INFO">Typing text 'sarkar' into text field 'name:name'.</msg>
<status status="PASS" starttime="20220410 17:47:44.514" endtime="20220410 17:47:46.082"/>
</kw>
<kw name="Sleep" library="BuiltIn">
<arg>1s</arg>
<doc>Pauses the test executed for the given time.</doc>
<msg timestamp="20220410 17:47:47.108" level="INFO">Slept 1 second</msg>
<status status="PASS" starttime="20220410 17:47:46.105" endtime="20220410 17:47:47.109"/>
</kw>
<kw name="Click Button" library="SeleniumLibrary">
<arg>xpath://html/body/div[2]/div/div[2]/form/center/button</arg>
<doc>Clicks the button identified by ``locator``.</doc>
<msg timestamp="20220410 17:47:47.137" level="INFO">Clicking button 'xpath://html/body/div[2]/div/div[2]/form/center/button'.</msg>
<status status="PASS" starttime="20220410 17:47:47.136" endtime="20220410 17:47:48.265"/>
</kw>
<kw name="Sleep" library="BuiltIn">
<arg>3s</arg>
<doc>Pauses the test executed for the given time.</doc>
<msg timestamp="20220410 17:47:51.287" level="INFO">Slept 3 seconds</msg>
<status status="PASS" starttime="20220410 17:47:48.285" endtime="20220410 17:47:51.287"/>
</kw>
<doc>Search page</doc>
<tag>user</tag>
<status status="PASS" starttime="20220410 17:47:39.990" endtime="20220410 17:47:51.288"/>
</test>
<test id="s1-t6" name="ViewBook Admin test" line="82">
<kw name="Click Link" library="SeleniumLibrary">
<arg>xpath:/html/body/div[1]/div/div/div/nav/div/div/ul/li[2]/a</arg>
<doc>Clicks a link identified by ``locator``.</doc>
<msg timestamp="20220410 17:47:51.294" level="INFO">Clicking link 'xpath:/html/body/div[1]/div/div/div/nav/div/div/ul/li[2]/a'.</msg>
<status status="PASS" starttime="20220410 17:47:51.293" endtime="20220410 17:47:52.475"/>
</kw>
<kw name="Sleep" library="BuiltIn">
<arg>3s</arg>
<doc>Pauses the test executed for the given time.</doc>
<msg timestamp="20220410 17:47:55.506" level="INFO">Slept 3 seconds</msg>
<status status="PASS" starttime="20220410 17:47:52.493" endtime="20220410 17:47:55.506"/>
</kw>
<doc>ViewBook page</doc>
<tag>admin</tag>
<status status="PASS" starttime="20220410 17:47:51.290" endtime="20220410 17:47:55.514"/>
</test>
<test id="s1-t7" name="Update Book test" line="88">
<kw name="Click Link" library="SeleniumLibrary">
<arg>xpath:/html/body/div[1]/div/div/div/nav/div/div/ul/li[3]/a</arg>
<doc>Clicks a link identified by ``locator``.</doc>
<msg timestamp="20220410 17:47:55.527" level="INFO">Clicking link 'xpath:/html/body/div[1]/div/div/div/nav/div/div/ul/li[3]/a'.</msg>
<status status="PASS" starttime="20220410 17:47:55.526" endtime="20220410 17:47:56.603"/>
</kw>
<kw name="Sleep" library="BuiltIn">
<arg>1s</arg>
<doc>Pauses the test executed for the given time.</doc>
<msg timestamp="20220410 17:47:57.631" level="INFO">Slept 1 second</msg>
<status status="PASS" starttime="20220410 17:47:56.625" endtime="20220410 17:47:57.631"/>
</kw>
<kw name="Input Text" library="SeleniumLibrary">
<arg>name:name</arg>
<arg>sarkar</arg>
<doc>Types the given ``text`` into the text field identified by ``locator``.</doc>
<msg timestamp="20220410 17:47:57.633" level="INFO">Typing text 'sarkar' into text field 'name:name'.</msg>
<status status="PASS" starttime="20220410 17:47:57.632" endtime="20220410 17:47:57.987"/>
</kw>
<kw name="Sleep" library="BuiltIn">
<arg>1s</arg>
<doc>Pauses the test executed for the given time.</doc>
<msg timestamp="20220410 17:47:59.010" level="INFO">Slept 1 second</msg>
<status status="PASS" starttime="20220410 17:47:57.992" endtime="20220410 17:47:59.012"/>
</kw>
<kw name="Click Button" library="SeleniumLibrary">
<arg>xpath:/html/body/div[2]/div/div[2]/form/center/button</arg>
<doc>Clicks the button identified by ``locator``.</doc>
<msg timestamp="20220410 17:47:59.066" level="INFO">Clicking button 'xpath:/html/body/div[2]/div/div[2]/form/center/button'.</msg>
<status status="PASS" starttime="20220410 17:47:59.065" endtime="20220410 17:47:59.993"/>
</kw>
<kw name="Sleep" library="BuiltIn">
<arg>3s</arg>
<doc>Pauses the test executed for the given time.</doc>
<msg timestamp="20220410 17:48:03.017" level="INFO">Slept 3 seconds</msg>
<status status="PASS" starttime="20220410 17:48:00.008" endtime="20220410 17:48:03.017"/>
</kw>
<kw name="Click Link" library="SeleniumLibrary">
<arg>xpath:/html/body/div[3]/div/div/table/tbody/tr/td[6]/a</arg>
<doc>Clicks a link identified by ``locator``.</doc>
<msg timestamp="20220410 17:48:03.034" level="INFO">Clicking link 'xpath:/html/body/div[3]/div/div/table/tbody/tr/td[6]/a'.</msg>
<status status="PASS" starttime="20220410 17:48:03.033" endtime="20220410 17:48:03.858"/>
</kw>
<kw name="Sleep" library="BuiltIn">
<arg>3s</arg>
<doc>Pauses the test executed for the given time.</doc>
<msg timestamp="20220410 17:48:06.871" level="INFO">Slept 3 seconds</msg>
<status status="PASS" starttime="20220410 17:48:03.870" endtime="20220410 17:48:06.871"/>
</kw>
<kw name="Input Text" library="SeleniumLibrary">
<arg>name:name</arg>
<arg>wings</arg>
<doc>Types the given ``text`` into the text field identified by ``locator``.</doc>
<msg timestamp="20220410 17:48:06.873" level="INFO">Typing text 'wings' into text field 'name:name'.</msg>
<status status="PASS" starttime="20220410 17:48:06.872" endtime="20220410 17:48:07.171"/>
</kw>
<kw name="Sleep" library="BuiltIn">
<arg>1s</arg>
<doc>Pauses the test executed for the given time.</doc>
<msg timestamp="20220410 17:48:08.201" level="INFO">Slept 1 second</msg>
<status status="PASS" starttime="20220410 17:48:07.189" endtime="20220410 17:48:08.201"/>
</kw>
<kw name="Input Text" library="SeleniumLibrary">
<arg>name:auth</arg>
<arg>dhanush</arg>
<doc>Types the given ``text`` into the text field identified by ``locator``.</doc>
<msg timestamp="20220410 17:48:08.204" level="INFO">Typing text 'dhanush' into text field 'name:auth'.</msg>
<status status="PASS" starttime="20220410 17:48:08.203" endtime="20220410 17:48:08.536"/>
</kw>
<kw name="Sleep" library="BuiltIn">
<arg>1s</arg>
<doc>Pauses the test executed for the given time.</doc>
<msg timestamp="20220410 17:48:09.545" level="INFO">Slept 1 second</msg>
<status status="PASS" starttime="20220410 17:48:08.539" endtime="20220410 17:48:09.546"/>
</kw>
<kw name="Input Text" library="SeleniumLibrary">
<arg>name:cat</arg>
<arg>thriller</arg>
<doc>Types the given ``text`` into the text field identified by ``locator``.</doc>
<msg timestamp="20220410 17:48:09.547" level="INFO">Typing text 'thriller' into text field 'name:cat'.</msg>
<status status="PASS" starttime="20220410 17:48:09.546" endtime="20220410 17:48:09.984"/>
</kw>
<kw name="Sleep" library="BuiltIn">
<arg>1s</arg>
<doc>Pauses the test executed for the given time.</doc>
<msg timestamp="20220410 17:48:10.993" level="INFO">Slept 1 second</msg>
<status status="PASS" starttime="20220410 17:48:09.986" endtime="20220410 17:48:10.993"/>
</kw>
<kw name="Input Text" library="SeleniumLibrary">
<arg>name:price</arg>
<arg>50000</arg>
<doc>Types the given ``text`` into the text field identified by ``locator``.</doc>
<msg timestamp="20220410 17:48:11.090" level="INFO">Typing text '50000' into text field 'name:price'.</msg>
<status status="PASS" starttime="20220410 17:48:11.089" endtime="20220410 17:48:11.512"/>
</kw>
<kw name="Sleep" library="BuiltIn">
<arg>1s</arg>
<doc>Pauses the test executed for the given time.</doc>
<msg timestamp="20220410 17:48:12.534" level="INFO">Slept 1 second</msg>
<status status="PASS" starttime="20220410 17:48:11.527" endtime="20220410 17:48:12.534"/>
</kw>
<kw name="Input Text" library="SeleniumLibrary">
<arg>name:pub</arg>
<arg>abc</arg>
<doc>Types the given ``text`` into the text field identified by ``locator``.</doc>
<msg timestamp="20220410 17:48:12.552" level="INFO">Typing text 'abc' into text field 'name:pub'.</msg>
<status status="PASS" starttime="20220410 17:48:12.538" endtime="20220410 17:48:13.134"/>
</kw>
<kw name="Sleep" library="BuiltIn">
<arg>1s</arg>
<doc>Pauses the test executed for the given time.</doc>
<msg timestamp="20220410 17:48:14.250" level="INFO">Slept 1 second</msg>
<status status="PASS" starttime="20220410 17:48:13.242" endtime="20220410 17:48:14.250"/>
</kw>
<kw name="Click Button" library="SeleniumLibrary">
<arg>xpath:/html/body/div[2]/div/form/center/button</arg>
<doc>Clicks the button identified by ``locator``.</doc>
<msg timestamp="20220410 17:48:14.252" level="INFO">Clicking button 'xpath:/html/body/div[2]/div/form/center/button'.</msg>
<status status="PASS" starttime="20220410 17:48:14.251" endtime="20220410 17:48:14.475"/>
</kw>
<kw name="Sleep" library="BuiltIn">
<arg>2s</arg>
<doc>Pauses the test executed for the given time.</doc>
<msg timestamp="20220410 17:48:16.504" level="INFO">Slept 2 seconds</msg>
<status status="PASS" starttime="20220410 17:48:14.487" endtime="20220410 17:48:16.505"/>
</kw>
<kw name="Click Button" library="SeleniumLibrary">
<arg>xpath:/html/body/div[2]/div/form/div/div/div/button[2]</arg>
<doc>Clicks the button identified by ``locator``.</doc>
<msg timestamp="20220410 17:48:16.507" level="INFO">Clicking button 'xpath:/html/body/div[2]/div/form/div/div/div/button[2]'.</msg>
<status status="PASS" starttime="20220410 17:48:16.507" endtime="20220410 17:48:17.623"/>
</kw>
<kw name="Sleep" library="BuiltIn">
<arg>4s</arg>
<doc>Pauses the test executed for the given time.</doc>
<msg timestamp="20220410 17:48:21.633" level="INFO">Slept 4 seconds</msg>
<status status="PASS" starttime="20220410 17:48:17.627" endtime="20220410 17:48:21.634"/>
</kw>
<doc>Updatebook page</doc>
<tag>admin</tag>
<status status="PASS" starttime="20220410 17:47:55.523" endtime="20220410 17:48:21.635"/>
</test>
<test id="s1-t8" name="Delete Admin test" line="114">
<kw name="Click Link" library="SeleniumLibrary">
<arg>xpath://html/body/div[1]/div/div/div/nav/div/div/ul/li[5]/a</arg>
<doc>Clicks a link identified by ``locator``.</doc>
<msg timestamp="20220410 17:48:21.641" level="INFO">Clicking link 'xpath://html/body/div[1]/div/div/div/nav/div/div/ul/li[5]/a'.</msg>
<status status="PASS" starttime="20220410 17:48:21.641" endtime="20220410 17:48:22.686"/>
</kw>
<kw name="Sleep" library="BuiltIn">
<arg>1s</arg>
<doc>Pauses the test executed for the given time.</doc>
<msg timestamp="20220410 17:48:23.707" level="INFO">Slept 1 second</msg>
<status status="PASS" starttime="20220410 17:48:22.707" endtime="20220410 17:48:23.707"/>
</kw>
<kw name="Input Text" library="SeleniumLibrary">
<arg>name:name</arg>
<arg>wings</arg>
<doc>Types the given ``text`` into the text field identified by ``locator``.</doc>
<msg timestamp="20220410 17:48:23.710" level="INFO">Typing text 'wings' into text field 'name:name'.</msg>
<status status="PASS" starttime="20220410 17:48:23.708" endtime="20220410 17:48:24.124"/>
</kw>
<kw name="Sleep" library="BuiltIn">
<arg>1s</arg>
<doc>Pauses the test executed for the given time.</doc>
<msg timestamp="20220410 17:48:25.192" level="INFO">Slept 1 second</msg>
<status status="PASS" starttime="20220410 17:48:24.189" endtime="20220410 17:48:25.193"/>
</kw>
<kw name="Click Button" library="SeleniumLibrary">
<arg>xpath:/html/body/div[2]/div/div[2]/form/center/button</arg>
<doc>Clicks the button identified by ``locator``.</doc>
<msg timestamp="20220410 17:48:25.194" level="INFO">Clicking button 'xpath:/html/body/div[2]/div/div[2]/form/center/button'.</msg>
<status status="PASS" starttime="20220410 17:48:25.194" endtime="20220410 17:48:25.400"/>
</kw>
<kw name="Sleep" library="BuiltIn">
<arg>2s</arg>
<doc>Pauses the test executed for the given time.</doc>
<msg timestamp="20220410 17:48:27.418" level="INFO">Slept 2 seconds</msg>
<status status="PASS" starttime="20220410 17:48:25.409" endtime="20220410 17:48:27.418"/>
</kw>
<kw name="Click Button" library="SeleniumLibrary">
<arg>xpath:/html/body/div[2]/div/div[2]/form/div/div/div/div/button[3]</arg>
<doc>Clicks the button identified by ``locator``.</doc>
<msg timestamp="20220410 17:48:27.421" level="INFO">Clicking button 'xpath:/html/body/div[2]/div/div[2]/form/div/div/div/div/button[3]'.</msg>
<status status="PASS" starttime="20220410 17:48:27.420" endtime="20220410 17:48:28.416"/>
</kw>
<kw name="Sleep" library="BuiltIn">
<arg>4s</arg>
<doc>Pauses the test executed for the given time.</doc>
<msg timestamp="20220410 17:48:32.433" level="INFO">Slept 4 seconds</msg>
<status status="PASS" starttime="20220410 17:48:28.428" endtime="20220410 17:48:32.434"/>
</kw>
<doc>Deletebook page</doc>
<tag>admin</tag>
<status status="PASS" starttime="20220410 17:48:21.639" endtime="20220410 17:48:32.435"/>
</test>
<test id="s1-t9" name="Logout test" line="126">
<kw name="Click Element" library="SeleniumLibrary">
<arg>xpath:/html/body/div[1]/div/div/div/nav/div/div/ul/li[6]/a</arg>
<doc>Click the element identified by ``locator``.</doc>
<msg timestamp="20220410 17:48:32.442" level="INFO">Clicking element 'xpath:/html/body/div[1]/div/div/div/nav/div/div/ul/li[6]/a'.</msg>
<status status="PASS" starttime="20220410 17:48:32.441" endtime="20220410 17:48:33.255"/>
</kw>
<kw name="Sleep" library="BuiltIn">
<arg>3s</arg>
<doc>Pauses the test executed for the given time.</doc>
<msg timestamp="20220410 17:48:36.271" level="INFO">Slept 3 seconds</msg>
<status status="PASS" starttime="20220410 17:48:33.263" endtime="20220410 17:48:36.272"/>
</kw>
<kw name="Close Browser" library="SeleniumLibrary">
<doc>Closes the current browser.</doc>
<status status="PASS" starttime="20220410 17:48:36.273" endtime="20220410 17:48:42.200"/>
</kw>
<doc>Logout page</doc>
<tag>user</tag>
<status status="PASS" starttime="20220410 17:48:32.440" endtime="20220410 17:48:42.202"/>
</test>
<status status="PASS" starttime="20220410 17:46:18.858" endtime="20220410 17:48:42.207"/>
</suite>
<statistics>
<total>
<stat pass="9" fail="0" skip="0">All Tests</stat>
</total>
<tag>
<stat pass="5" fail="0" skip="0">admin</stat>
<stat pass="4" fail="0" skip="0">user</stat>
</tag>
<suite>
<stat pass="9" fail="0" skip="0" id="s1" name="Book">Book</stat>
</suite>
</statistics>
<errors>
</errors>
</robot>
